[I 2026-02-21 21:55:04,634] Trial 116 finished with value: -6.810606541320707 and parameters: {'top_n': 5, 'cvar_alpha': 0.9259242206554434, 'cov_window': 100, 'turnover_lambda': 0.007605275032450437, 'hybrid_beta': 0.05}. Best is trial 103 with value: 2.013806105871583.
  0%|          | 0/1 [00:00<?, ?it/s]100%|██████████| 1/1 [00:00<00:00, 29.62it/s]
[I 2026-02-21 21:55:05,008] Trial 117 finished with value: 1.4912644153694892 and parameters: {'top_n': 6, 'cvar_alpha': 0.9110998428946728, 'cov_window': 165, 'turnover_lambda': 0.009110459870236612, 'hybrid_beta': 0.6}. Best is trial 103 with value: 2.013806105871583.
  0%|          | 0/1 [00:00<?, ?it/s]100%|██████████| 1/1 [00:00<00:00, 36.96it/s]
[I 2026-02-21 21:55:05,317] Trial 118 finished with value: 1.8208824690443244 and parameters: {'top_n': 4, 'cvar_alpha': 0.9343817200931023, 'cov_window': 110, 'turnover_lambda': 0.005536361356564493, 'hybrid_beta': 0.1}. Best is trial 103 with value: 2.013806105871583.
  0%|          | 0/1 [00:00<?, ?it/s]100%|██████████| 1/1 [00:00<00:00, 32.21it/s]
[I 2026-02-21 21:55:05,662] Trial 119 finished with value: -0.5395224955582572 and parameters: {'top_n': 5, 'cvar_alpha': 0.950472318303815, 'cov_window': 180, 'turnover_lambda': 0.011856976392046286, 'hybrid_beta': 0.6}. Best is trial 103 with value: 2.013806105871583.
  0%|          | 0/1 [00:00<?, ?it/s]100%|██████████| 1/1 [00:00<00:00, 39.76it/s]
[I 2026-02-21 21:55:05,973] Trial 120 finished with value: -5.73418178893498 and parameters: {'top_n': 4, 'cvar_alpha': 0.9519035638897684, 'cov_window': 120, 'turnover_lambda': 0.009248505592172957, 'hybrid_beta': 0.0}. Best is trial 103 with value: 2.013806105871583.
  0%|          | 0/1 [00:00<?, ?it/s]100%|██████████| 1/1 [00:00<00:00, 39.26it/s]
[I 2026-02-21 21:55:06,306] Trial 121 finished with value: -10.532647670546668 and parameters: {'top_n': 5, 'cvar_alpha': 0.9224882489930438, 'cov_window': 125, 'turnover_lambda': 0.005210073694858669, 'hybrid_beta': 0.0}. Best is trial 103 with value: 2.013806105871583.
  0%|          | 0/1 [00:00<?, ?it/s]100%|██████████| 1/1 [00:00<00:00, 37.54it/s]
[I 2026-02-21 21:55:06,646] Trial 122 finished with value: -7.281764391048823 and parameters: {'top_n': 5, 'cvar_alpha': 0.9244084810716655, 'cov_window': 140, 'turnover_lambda': 0.0036319100731341384, 'hybrid_beta': 0.0}. Best is trial 103 with value: 2.013806105871583.
  0%|          | 0/1 [00:00<?, ?it/s]100%|██████████| 1/1 [00:00<00:00, 36.27it/s]
[I 2026-02-21 21:55:06,980] Trial 123 finished with value: 1.8003230495459994 and parameters: {'top_n': 4, 'cvar_alpha': 0.9315054430321091, 'cov_window': 115, 'turnover_lambda': 0.00437504076745758, 'hybrid_beta': 0.0}. Best is trial 103 with value: 2.013806105871583.
  0%|          | 0/1 [00:00<?, ?it/s]100%|██████████| 1/1 [00:00<00:00, 41.22it/s]
[I 2026-02-21 21:55:07,272] Trial 124 finished with value: 0.07954776190210389 and parameters: {'top_n': 3, 'cvar_alpha': 0.9242227730113134, 'cov_window': 120, 'turnover_lambda': 0.004542688094371306, 'hybrid_beta': 0.0}. Best is trial 103 with value: 2.013806105871583.
  0%|          | 0/1 [00:00<?, ?it/s]100%|██████████| 1/1 [00:00<00:00, 27.29it/s]
[I 2026-02-21 21:55:07,661] Trial 125 finished with value: -6.789192127462016 and parameters: {'top_n': 7, 'cvar_alpha': 0.9132831418671283, 'cov_window': 100, 'turnover_lambda': 0.004835005424224829, 'hybrid_beta': 0.6}. Best is trial 103 with value: 2.013806105871583.
  0%|          | 0/1 [00:00<?, ?it/s]100%|██████████| 1/1 [00:00<00:00, 33.18it/s]
[I 2026-02-21 21:55:08,010] Trial 126 finished with value: -8.803925418151259 and parameters: {'top_n': 5, 'cvar_alpha': 0.9195069807695365, 'cov_window': 170, 'turnover_lambda': 0.019945182600398816, 'hybrid_beta': 0.1}. Best is trial 103 with value: 2.013806105871583.
  0%|          | 0/1 [00:00<?, ?it/s]100%|██████████| 1/1 [00:00<00:00, 27.48it/s]
[I 2026-02-21 21:55:08,393] Trial 127 finished with value: -6.781047320647507 and parameters: {'top_n': 7, 'cvar_alpha': 0.9571058933311509, 'cov_window': 110, 'turnover_lambda': 0.0058205760628245356, 'hybrid_beta': 0.55}. Best is trial 103 with value: 2.013806105871583.
  0%|          | 0/1 [00:00<?, ?it/s]100%|██████████| 1/1 [00:00<00:00, 40.46it/s]
[I 2026-02-21 21:55:08,720] Trial 128 finished with value: 0.05767249381933137 and parameters: {'top_n': 3, 'cvar_alpha': 0.9265030076678692, 'cov_window': 155, 'turnover_lambda': 0.0033754921729463884, 'hybrid_beta': 0.0}. Best is trial 103 with value: 2.013806105871583.
  0%|          | 0/1 [00:00<?, ?it/s]100%|██████████| 1/1 [00:00<00:00, 38.55it/s]
[I 2026-02-21 21:55:09,090] Trial 129 finished with value: 1.927384157963908 and parameters: {'top_n': 4, 'cvar_alpha': 0.9349860697954963, 'cov_window': 135, 'turnover_lambda': 0.004650736574711425, 'hybrid_beta': 0.0}. Best is trial 103 with value: 2.013806105871583.
  0%|          | 0/1 [00:00<?, ?it/s]100%|██████████| 1/1 [00:00<00:00, 39.11it/s]
[I 2026-02-21 21:55:09,398] Trial 130 finished with value: 1.9204901431759036 and parameters: {'top_n': 4, 'cvar_alpha': 0.9286701852915191, 'cov_window': 115, 'turnover_lambda': 0.0060347655071460666, 'hybrid_beta': 0.0}. Best is trial 103 with value: 2.013806105871583.
  0%|          | 0/1 [00:00<?, ?it/s]100%|██████████| 1/1 [00:00<00:00, 36.79it/s]
[I 2026-02-21 21:55:09,716] Trial 131 finished with value: 1.756219001138867 and parameters: {'top_n': 4, 'cvar_alpha': 0.938486293901384, 'cov_window': 140, 'turnover_lambda': 0.00413497727987657, 'hybrid_beta': 0.1}. Best is trial 103 with value: 2.013806105871583.
  0%|          | 0/1 [00:00<?, ?it/s]100%|██████████| 1/1 [00:00<00:00, 21.09it/s]
[I 2026-02-21 21:55:10,703] Trial 132 finished with value: -13.900356497620656 and parameters: {'top_n': 7, 'cvar_alpha': 0.907415431440825, 'cov_window': 155, 'turnover_lambda': 0.017180202674415057, 'hybrid_beta': 0.05}. Best is trial 103 with value: 2.013806105871583.
  0%|          | 0/1 [00:00<?, ?it/s]100%|██████████| 1/1 [00:00<00:00, 35.49it/s]
[I 2026-02-21 21:55:11,030] Trial 133 finished with value: 0.08422670604270621 and parameters: {'top_n': 3, 'cvar_alpha': 0.9366556693452104, 'cov_window': 125, 'turnover_lambda': 0.0024196278485548936, 'hybrid_beta': 0.35000000000000003}. Best is trial 103 with value: 2.013806105871583.
  0%|          | 0/1 [00:00<?, ?it/s]100%|██████████| 1/1 [00:00<00:00, 39.78it/s]
[I 2026-02-21 21:55:11,341] Trial 134 finished with value: 0.0987255648556915 and parameters: {'top_n': 3, 'cvar_alpha': 0.9341013493423084, 'cov_window': 120, 'turnover_lambda': 0.011865959836126577, 'hybrid_beta': 0.25}. Best is trial 103 with value: 2.013806105871583.
  0%|          | 0/1 [00:00<?, ?it/s]100%|██████████| 1/1 [00:00<00:00, 38.77it/s]
[I 2026-02-21 21:55:11,670] Trial 135 finished with value: 1.8869793908636283 and parameters: {'top_n': 4, 'cvar_alpha': 0.9274876164214062, 'cov_window': 145, 'turnover_lambda': 0.0033838138582318257, 'hybrid_beta': 0.0}. Best is trial 103 with value: 2.013806105871583.
  0%|          | 0/1 [00:00<?, ?it/s]100%|██████████| 1/1 [00:00<00:00, 38.69it/s]
[I 2026-02-21 21:55:11,990] Trial 136 finished with value: 1.9731113812803287 and parameters: {'top_n': 4, 'cvar_alpha': 0.9170042609252048, 'cov_window': 135, 'turnover_lambda': 0.00446758404478861, 'hybrid_beta': 0.0}. Best is trial 103 with value: 2.013806105871583.
  0%|          | 0/1 [00:00<?, ?it/s]100%|██████████| 1/1 [00:00<00:00, 38.67it/s]
[I 2026-02-21 21:55:12,329] Trial 137 finished with value: -10.763629407319355 and parameters: {'top_n': 5, 'cvar_alpha': 0.9079883602938524, 'cov_window': 135, 'turnover_lambda': 0.004742959113780006, 'hybrid_beta': 0.0}. Best is trial 103 with value: 2.013806105871583.
  0%|          | 0/1 [00:00<?, ?it/s]100%|██████████| 1/1 [00:00<00:00, 42.84it/s]
[I 2026-02-21 21:55:12,619] Trial 138 finished with value: 0.076310256667667 and parameters: {'top_n': 3, 'cvar_alpha': 0.908609612051763, 'cov_window': 180, 'turnover_lambda': 0.004330370105914243, 'hybrid_beta': 0.05}. Best is trial 103 with value: 2.013806105871583.
  0%|          | 0/1 [00:00<?, ?it/s]100%|██████████| 1/1 [00:00<00:00, 36.71it/s]
[I 2026-02-21 21:55:12,952] Trial 139 finished with value: 1.9128451475061887 and parameters: {'top_n': 4, 'cvar_alpha': 0.9153155496607698, 'cov_window': 125, 'turnover_lambda': 0.003453282645738393, 'hybrid_beta': 0.0}. Best is trial 103 with value: 2.013806105871583.
  0%|          | 0/1 [00:00<?, ?it/s]100%|██████████| 1/1 [00:00<00:00, 39.51it/s]
[I 2026-02-21 21:55:13,281] Trial 140 finished with value: 1.9236104400847402 and parameters: {'top_n': 4, 'cvar_alpha': 0.9095012422520662, 'cov_window': 180, 'turnover_lambda': 0.006024497059087797, 'hybrid_beta': 0.0}. Best is trial 103 with value: 2.013806105871583.
  0%|          | 0/1 [00:00<?, ?it/s]100%|██████████| 1/1 [00:00<00:00, 38.24it/s]
[I 2026-02-21 21:55:13,602] Trial 141 finished with value: 1.9718441493818641 and parameters: {'top_n': 4, 'cvar_alpha': 0.9183983634670543, 'cov_window': 140, 'turnover_lambda': 0.0058701052292765565, 'hybrid_beta': 0.0}. Best is trial 103 with value: 2.013806105871583.
  0%|          | 0/1 [00:00<?, ?it/s]100%|██████████| 1/1 [00:00<00:00, 39.75it/s]
[I 2026-02-21 21:55:13,893] Trial 142 finished with value: 0.06900958991299122 and parameters: {'top_n': 3, 'cvar_alpha': 0.9174801369675, 'cov_window': 140, 'turnover_lambda': 0.003908291874634299, 'hybrid_beta': 0.1}. Best is trial 103 with value: 2.013806105871583.
  0%|          | 0/1 [00:00<?, ?it/s]100%|██████████| 1/1 [00:00<00:00, 39.04it/s]
[I 2026-02-21 21:55:14,225] Trial 143 finished with value: 1.9422014441991695 and parameters: {'top_n': 4, 'cvar_alpha': 0.9146428843669302, 'cov_window': 145, 'turnover_lambda': 0.005126071018198686, 'hybrid_beta': 0.0}. Best is trial 103 with value: 2.013806105871583.
  0%|          | 0/1 [00:00<?, ?it/s]100%|██████████| 1/1 [00:00<00:00, 39.40it/s]
[I 2026-02-21 21:55:14,560] Trial 144 finished with value: -7.118026345058977 and parameters: {'top_n': 5, 'cvar_alpha': 0.9193909659981355, 'cov_window': 150, 'turnover_lambda': 0.0048014216231908454, 'hybrid_beta': 0.0}. Best is trial 103 with value: 2.013806105871583.
  0%|          | 0/1 [00:00<?, ?it/s]100%|██████████| 1/1 [00:00<00:00, 21.90it/s]
[I 2026-02-21 21:55:15,022] Trial 145 finished with value: 1.9588021983514194 and parameters: {'top_n': 4, 'cvar_alpha': 0.9204335852949203, 'cov_window': 130, 'turnover_lambda': 0.005632958978668525, 'hybrid_beta': 0.05}. Best is trial 103 with value: 2.013806105871583.
  0%|          | 0/1 [00:00<?, ?it/s]100%|██████████| 1/1 [00:00<00:00, 26.26it/s]
[I 2026-02-21 21:55:15,471] Trial 146 finished with value: 0.07901128754403475 and parameters: {'top_n': 3, 'cvar_alpha': 0.9105582005483613, 'cov_window': 135, 'turnover_lambda': 0.004752817868412814, 'hybrid_beta': 0.05}. Best is trial 103 with value: 2.013806105871583.
  0%|          | 0/1 [00:00<?, ?it/s]100%|██████████| 1/1 [00:00<00:00, 23.95it/s]
[I 2026-02-21 21:55:15,976] Trial 147 finished with value: 1.952941049435115 and parameters: {'top_n': 4, 'cvar_alpha': 0.9189750039330671, 'cov_window': 135, 'turnover_lambda': 0.005062479307209748, 'hybrid_beta': 0.0}. Best is trial 103 with value: 2.013806105871583.
  0%|          | 0/1 [00:00<?, ?it/s]100%|██████████| 1/1 [00:00<00:00, 24.43it/s]
[I 2026-02-21 21:55:16,482] Trial 148 finished with value: 1.918650727538876 and parameters: {'top_n': 4, 'cvar_alpha': 0.9222290181329603, 'cov_window': 150, 'turnover_lambda': 0.0054832602723895495, 'hybrid_beta': 0.0}. Best is trial 103 with value: 2.013806105871583.
  0%|          | 0/1 [00:00<?, ?it/s]100%|██████████| 1/1 [00:00<00:00, 12.91it/s]
[I 2026-02-21 22:42:00,670] Trial 149 finished with value: -6.054558343732162 and parameters: {'top_n': 5, 'cvar_alpha': 0.9350301101037248, 'cov_window': 125, 'turnover_lambda': 0.004084103003550354, 'hybrid_beta': 0.6}. Best is trial 103 with value: 2.013806105871583.
  0%|          | 0/1 [00:00<?, ?it/s]100%|██████████| 1/1 [00:00<00:00,  8.64it/s]100%|██████████| 1/1 [00:00<00:00,  8.62it/s]
[I 2026-02-21 22:42:01,821] Trial 150 finished with value: -9.25446498340959 and parameters: {'top_n': 5, 'cvar_alpha': 0.914429615928572, 'cov_window': 135, 'turnover_lambda': 0.007328494020493955, 'hybrid_beta': 0.1}. Best is trial 103 with value: 2.013806105871583.
  0%|          | 0/1 [00:00<?, ?it/s]100%|██████████| 1/1 [00:00<00:00, 15.51it/s]
[I 2026-02-21 22:42:02,558] Trial 151 finished with value: -0.3110162249734971 and parameters: {'top_n': 4, 'cvar_alpha': 0.9258083022444987, 'cov_window': 115, 'turnover_lambda': 0.0035450682565060817, 'hybrid_beta': 0.15000000000000002}. Best is trial 103 with value: 2.013806105871583.
  0%|          | 0/1 [00:00<?, ?it/s]100%|██████████| 1/1 [00:00<00:00, 20.19it/s]
[I 2026-02-21 22:42:03,177] Trial 152 finished with value: 1.9010329767261132 and parameters: {'top_n': 4, 'cvar_alpha': 0.9200734498491163, 'cov_window': 125, 'turnover_lambda': 0.005122847174961915, 'hybrid_beta': 0.15000000000000002}. Best is trial 103 with value: 2.013806105871583.
  0%|          | 0/1 [00:00<?, ?it/s]100%|██████████| 1/1 [00:00<00:00, 22.54it/s]
[I 2026-02-21 22:42:03,702] Trial 153 finished with value: 1.9342655637055075 and parameters: {'top_n': 4, 'cvar_alpha': 0.9201562548589334, 'cov_window': 145, 'turnover_lambda': 0.005847630095685779, 'hybrid_beta': 0.05}. Best is trial 103 with value: 2.013806105871583.
  0%|          | 0/1 [00:00<?, ?it/s]100%|██████████| 1/1 [00:00<00:00, 22.50it/s]
[I 2026-02-21 22:42:04,208] Trial 154 finished with value: -3.3888708381641215 and parameters: {'top_n': 4, 'cvar_alpha': 0.9296502638531178, 'cov_window': 120, 'turnover_lambda': 0.009148476393123491, 'hybrid_beta': 0.1}. Best is trial 103 with value: 2.013806105871583.
  0%|          | 0/1 [00:00<?, ?it/s]100%|██████████| 1/1 [00:00<00:00, 26.61it/s]
[I 2026-02-21 22:42:04,640] Trial 155 finished with value: 0.08576967863587015 and parameters: {'top_n': 3, 'cvar_alpha': 0.9260519719513106, 'cov_window': 105, 'turnover_lambda': 0.009001975264000529, 'hybrid_beta': 0.0}. Best is trial 103 with value: 2.013806105871583.
  0%|          | 0/1 [00:00<?, ?it/s]100%|██████████| 1/1 [00:00<00:00, 20.29it/s]
[I 2026-02-21 22:42:05,203] Trial 156 finished with value: -0.5683176264291896 and parameters: {'top_n': 5, 'cvar_alpha': 0.9389430264016865, 'cov_window': 165, 'turnover_lambda': 0.009361294470423115, 'hybrid_beta': 0.05}. Best is trial 103 with value: 2.013806105871583.
  0%|          | 0/1 [00:00<?, ?it/s]100%|██████████| 1/1 [00:00<00:00, 22.29it/s]
[I 2026-02-21 22:42:05,720] Trial 157 finished with value: 1.9815544570362364 and parameters: {'top_n': 4, 'cvar_alpha': 0.9202759604708961, 'cov_window': 130, 'turnover_lambda': 0.00640591873330253, 'hybrid_beta': 0.05}. Best is trial 103 with value: 2.013806105871583.
  0%|          | 0/1 [00:00<?, ?it/s]100%|██████████| 1/1 [00:00<00:00, 24.18it/s]
[I 2026-02-21 22:42:06,221] Trial 158 finished with value: 1.9594037090298584 and parameters: {'top_n': 4, 'cvar_alpha': 0.9239089165137189, 'cov_window': 140, 'turnover_lambda': 0.00504235493746462, 'hybrid_beta': 0.0}. Best is trial 103 with value: 2.013806105871583.
  0%|          | 0/1 [00:00<?, ?it/s]100%|██████████| 1/1 [00:00<00:00, 24.32it/s]
[I 2026-02-21 22:42:06,728] Trial 159 finished with value: -5.0474004114664135 and parameters: {'top_n': 4, 'cvar_alpha': 0.9248295468001126, 'cov_window': 140, 'turnover_lambda': 0.009594326141690193, 'hybrid_beta': 0.0}. Best is trial 103 with value: 2.013806105871583.
  0%|          | 0/1 [00:00<?, ?it/s]100%|██████████| 1/1 [00:00<00:00, 23.96it/s]
  0%|          | 0/1 [00:00<?, ?it/s]100%|██████████| 1/1 [00:00<00:00,  5.68it/s]100%|██████████| 1/1 [00:00<00:00,  5.67it/s]
  0%|          | 0/1 [00:00<?, ?it/s]100%|██████████| 1/1 [00:00<00:00,  5.56it/s]100%|██████████| 1/1 [00:00<00:00,  5.55it/s]
============================================================
固定切分贝叶斯调参摘要
  训练区间: 2019-11-01 ~ 2020-12-31
  测试区间: 2021-01-04 ~ 2025-10-30
  trial 数: 160
  通过全部规则数: 62
  最优来源: pass_all_rules
  测试集 Sharpe 超额 (cand - RP): 0.0048
  Split 配置: /Users/mac/Desktop/USTC_Financial_Data_Inno_Comp/outputs/cvar_hybrid_bayes_split_20260221_215421/CVAR贝叶斯_split_config.csv
  Trials 明细: /Users/mac/Desktop/USTC_Financial_Data_Inno_Comp/outputs/cvar_hybrid_bayes_split_20260221_215421/CVAR贝叶斯_trials.csv
  Top20: /Users/mac/Desktop/USTC_Financial_Data_Inno_Comp/outputs/cvar_hybrid_bayes_split_20260221_215421/CVAR贝叶斯_top20.csv
  训练集对比: /Users/mac/Desktop/USTC_Financial_Data_Inno_Comp/outputs/cvar_hybrid_bayes_split_20260221_215421/CVAR贝叶斯_训练集对比.csv
  测试集对比: /Users/mac/Desktop/USTC_Financial_Data_Inno_Comp/outputs/cvar_hybrid_bayes_split_20260221_215421/CVAR贝叶斯_测试集对比.csv
  摘要: /Users/mac/Desktop/USTC_Financial_Data_Inno_Comp/outputs/cvar_hybrid_bayes_split_20260221_215421/CVAR贝叶斯_摘要.csv
  最优参数: /Users/mac/Desktop/USTC_Financial_Data_Inno_Comp/outputs/cvar_hybrid_bayes_split_20260221_215421/CVAR贝叶斯_best_params.json
============================================================
