[I 2026-02-21 21:54:44,043] Trial 55 finished with value: 1.9068397160177946 and parameters: {'top_n': 4, 'cvar_alpha': 0.9080097784298734, 'cov_window': 115, 'turnover_lambda': 0.008661338392882495, 'hybrid_beta': 0.0}. Best is trial 50 with value: 1.9283007115047837.
  0%|          | 0/1 [00:00<?, ?it/s]100%|██████████| 1/1 [00:00<00:00, 41.78it/s]
[I 2026-02-21 21:54:44,338] Trial 56 finished with value: 0.0771610210045015 and parameters: {'top_n': 3, 'cvar_alpha': 0.9231942227355566, 'cov_window': 180, 'turnover_lambda': 0.026604253264066728, 'hybrid_beta': 0.25}. Best is trial 50 with value: 1.9283007115047837.
  0%|          | 0/1 [00:00<?, ?it/s]100%|██████████| 1/1 [00:00<00:00, 42.71it/s]
[I 2026-02-21 21:54:44,611] Trial 57 finished with value: 0.0859548062475799 and parameters: {'top_n': 3, 'cvar_alpha': 0.9038335244708252, 'cov_window': 120, 'turnover_lambda': 0.0104434038127712, 'hybrid_beta': 0.0}. Best is trial 50 with value: 1.9283007115047837.
  0%|          | 0/1 [00:00<?, ?it/s]100%|██████████| 1/1 [00:00<00:00, 37.48it/s]
[I 2026-02-21 21:54:44,919] Trial 58 finished with value: -0.34057127110948393 and parameters: {'top_n': 4, 'cvar_alpha': 0.9012088758595588, 'cov_window': 105, 'turnover_lambda': 0.011171641100295828, 'hybrid_beta': 0.25}. Best is trial 50 with value: 1.9283007115047837.
  0%|          | 0/1 [00:00<?, ?it/s]100%|██████████| 1/1 [00:00<00:00, 28.86it/s]
[I 2026-02-21 21:54:45,341] Trial 59 finished with value: 1.9436470018969516 and parameters: {'top_n': 4, 'cvar_alpha': 0.9148967112755118, 'cov_window': 170, 'turnover_lambda': 0.005280824909659249, 'hybrid_beta': 0.0}. Best is trial 59 with value: 1.9436470018969516.
  0%|          | 0/1 [00:00<?, ?it/s]100%|██████████| 1/1 [00:00<00:00, 32.17it/s]
[I 2026-02-21 21:54:45,716] Trial 60 finished with value: -7.455954854306711 and parameters: {'top_n': 5, 'cvar_alpha': 0.9201616792444305, 'cov_window': 175, 'turnover_lambda': 0.005060928154160464, 'hybrid_beta': 0.05}. Best is trial 59 with value: 1.9436470018969516.
  0%|          | 0/1 [00:00<?, ?it/s]100%|██████████| 1/1 [00:00<00:00, 36.94it/s]
[I 2026-02-21 21:54:46,035] Trial 61 finished with value: 0.33654807042401313 and parameters: {'top_n': 4, 'cvar_alpha': 0.906926375691815, 'cov_window': 125, 'turnover_lambda': 0.011463664988668585, 'hybrid_beta': 0.05}. Best is trial 59 with value: 1.9436470018969516.
  0%|          | 0/1 [00:00<?, ?it/s]100%|██████████| 1/1 [00:00<00:00, 42.90it/s]
[I 2026-02-21 21:54:46,347] Trial 62 finished with value: 0.06366490147522974 and parameters: {'top_n': 3, 'cvar_alpha': 0.9091221065064992, 'cov_window': 180, 'turnover_lambda': 0.01127830453244074, 'hybrid_beta': 0.0}. Best is trial 59 with value: 1.9436470018969516.
  0%|          | 0/1 [00:00<?, ?it/s]100%|██████████| 1/1 [00:00<00:00, 38.53it/s]
[I 2026-02-21 21:54:46,673] Trial 63 finished with value: 1.8422766380171256 and parameters: {'top_n': 4, 'cvar_alpha': 0.9183703422344337, 'cov_window': 170, 'turnover_lambda': 0.0028258290183977644, 'hybrid_beta': 0.0}. Best is trial 59 with value: 1.9436470018969516.
  0%|          | 0/1 [00:00<?, ?it/s]100%|██████████| 1/1 [00:00<00:00, 36.80it/s]
[I 2026-02-21 21:54:46,997] Trial 64 finished with value: -0.32341696641244866 and parameters: {'top_n': 4, 'cvar_alpha': 0.9288762320163202, 'cov_window': 140, 'turnover_lambda': 0.0025326731999626042, 'hybrid_beta': 0.05}. Best is trial 59 with value: 1.9436470018969516.
  0%|          | 0/1 [00:00<?, ?it/s]100%|██████████| 1/1 [00:00<00:00, 39.54it/s]
[I 2026-02-21 21:54:47,303] Trial 65 finished with value: 0.31563712086979456 and parameters: {'top_n': 4, 'cvar_alpha': 0.9109673640552264, 'cov_window': 95, 'turnover_lambda': 0.016279083460907413, 'hybrid_beta': 0.0}. Best is trial 59 with value: 1.9436470018969516.
  0%|          | 0/1 [00:00<?, ?it/s]100%|██████████| 1/1 [00:00<00:00, 36.51it/s]
[I 2026-02-21 21:54:47,632] Trial 66 finished with value: 0.3408209701501168 and parameters: {'top_n': 4, 'cvar_alpha': 0.9069930628485441, 'cov_window': 165, 'turnover_lambda': 0.004548547827574019, 'hybrid_beta': 0.05}. Best is trial 59 with value: 1.9436470018969516.
  0%|          | 0/1 [00:00<?, ?it/s]100%|██████████| 1/1 [00:00<00:00, 42.03it/s]
[I 2026-02-21 21:54:47,897] Trial 67 finished with value: 0.09358071496980802 and parameters: {'top_n': 3, 'cvar_alpha': 0.9105663946850396, 'cov_window': 85, 'turnover_lambda': 0.020502182793507993, 'hybrid_beta': 0.5}. Best is trial 59 with value: 1.9436470018969516.
  0%|          | 0/1 [00:00<?, ?it/s]100%|██████████| 1/1 [00:00<00:00, 10.83it/s]
[I 2026-02-21 21:54:48,292] Trial 68 finished with value: 1.9845560825796427 and parameters: {'top_n': 4, 'cvar_alpha': 0.9119155908274267, 'cov_window': 130, 'turnover_lambda': 0.005454934462900916, 'hybrid_beta': 0.0}. Best is trial 68 with value: 1.9845560825796427.
  0%|          | 0/1 [00:00<?, ?it/s]100%|██████████| 1/1 [00:00<00:00, 29.99it/s]
[I 2026-02-21 21:54:48,658] Trial 69 finished with value: -8.094351268785559 and parameters: {'top_n': 5, 'cvar_alpha': 0.9234877793435302, 'cov_window': 125, 'turnover_lambda': 0.010033681060356134, 'hybrid_beta': 0.0}. Best is trial 68 with value: 1.9845560825796427.
  0%|          | 0/1 [00:00<?, ?it/s]100%|██████████| 1/1 [00:00<00:00, 42.95it/s]
[I 2026-02-21 21:54:48,992] Trial 70 finished with value: 0.08469187972021741 and parameters: {'top_n': 3, 'cvar_alpha': 0.9323136123065906, 'cov_window': 175, 'turnover_lambda': 0.008526037015861028, 'hybrid_beta': 0.6}. Best is trial 68 with value: 1.9845560825796427.
  0%|          | 0/1 [00:00<?, ?it/s]100%|██████████| 1/1 [00:00<00:00, 36.82it/s]
[I 2026-02-21 21:54:49,414] Trial 71 finished with value: 1.827474048656764 and parameters: {'top_n': 4, 'cvar_alpha': 0.9146534940884855, 'cov_window': 120, 'turnover_lambda': 0.006440193924318269, 'hybrid_beta': 0.05}. Best is trial 68 with value: 1.9845560825796427.
  0%|          | 0/1 [00:00<?, ?it/s]100%|██████████| 1/1 [00:00<00:00, 34.42it/s]
[I 2026-02-21 21:54:49,723] Trial 72 finished with value: -6.871524524879167 and parameters: {'top_n': 4, 'cvar_alpha': 0.9434393660612985, 'cov_window': 85, 'turnover_lambda': 0.025330470427854038, 'hybrid_beta': 0.2}. Best is trial 68 with value: 1.9845560825796427.
  0%|          | 0/1 [00:00<?, ?it/s]100%|██████████| 1/1 [00:00<00:00, 34.98it/s]
[I 2026-02-21 21:54:50,345] Trial 73 finished with value: 1.9357111087073127 and parameters: {'top_n': 4, 'cvar_alpha': 0.918251595983901, 'cov_window': 150, 'turnover_lambda': 0.005579505518702956, 'hybrid_beta': 0.0}. Best is trial 68 with value: 1.9845560825796427.
  0%|          | 0/1 [00:00<?, ?it/s]100%|██████████| 1/1 [00:00<00:00, 40.03it/s]
[I 2026-02-21 21:54:50,647] Trial 74 finished with value: 0.07228629808556697 and parameters: {'top_n': 3, 'cvar_alpha': 0.9400822234065523, 'cov_window': 155, 'turnover_lambda': 0.005933362253525547, 'hybrid_beta': 0.0}. Best is trial 68 with value: 1.9845560825796427.
  0%|          | 0/1 [00:00<?, ?it/s]100%|██████████| 1/1 [00:00<00:00, 24.09it/s]
[I 2026-02-21 21:54:51,066] Trial 75 finished with value: -8.759813258166865 and parameters: {'top_n': 7, 'cvar_alpha': 0.9018429302763603, 'cov_window': 105, 'turnover_lambda': 0.0020319422485378545, 'hybrid_beta': 0.4}. Best is trial 68 with value: 1.9845560825796427.
  0%|          | 0/1 [00:00<?, ?it/s]100%|██████████| 1/1 [00:00<00:00, 37.92it/s]
[I 2026-02-21 21:54:51,454] Trial 76 finished with value: 0.058258751164841804 and parameters: {'top_n': 3, 'cvar_alpha': 0.9186066524123359, 'cov_window': 150, 'turnover_lambda': 0.008709452291210366, 'hybrid_beta': 0.0}. Best is trial 68 with value: 1.9845560825796427.
  0%|          | 0/1 [00:00<?, ?it/s]100%|██████████| 1/1 [00:00<00:00, 34.41it/s]
[I 2026-02-21 21:54:51,841] Trial 77 finished with value: 1.904845741403084 and parameters: {'top_n': 4, 'cvar_alpha': 0.9135564891604262, 'cov_window': 155, 'turnover_lambda': 0.005958717863489057, 'hybrid_beta': 0.0}. Best is trial 68 with value: 1.9845560825796427.
  0%|          | 0/1 [00:00<?, ?it/s]100%|██████████| 1/1 [00:00<00:00, 24.52it/s]
[I 2026-02-21 21:54:52,279] Trial 78 finished with value: -7.144563116104837 and parameters: {'top_n': 7, 'cvar_alpha': 0.935615485302237, 'cov_window': 90, 'turnover_lambda': 0.002538042920653707, 'hybrid_beta': 0.25}. Best is trial 68 with value: 1.9845560825796427.
  0%|          | 0/1 [00:00<?, ?it/s]100%|██████████| 1/1 [00:00<00:00, 38.15it/s]
[I 2026-02-21 21:54:52,631] Trial 79 finished with value: 1.9543016687966188 and parameters: {'top_n': 4, 'cvar_alpha': 0.9224510092308092, 'cov_window': 155, 'turnover_lambda': 0.005835933817971124, 'hybrid_beta': 0.0}. Best is trial 68 with value: 1.9845560825796427.
  0%|          | 0/1 [00:00<?, ?it/s]100%|██████████| 1/1 [00:00<00:00, 36.58it/s]
[I 2026-02-21 21:54:52,964] Trial 80 finished with value: -3.386330532919545 and parameters: {'top_n': 4, 'cvar_alpha': 0.9303078075975866, 'cov_window': 170, 'turnover_lambda': 0.009996695269145825, 'hybrid_beta': 0.1}. Best is trial 68 with value: 1.9845560825796427.
  0%|          | 0/1 [00:00<?, ?it/s]100%|██████████| 1/1 [00:00<00:00, 31.05it/s]
[I 2026-02-21 21:54:53,339] Trial 81 finished with value: -6.491550911054941 and parameters: {'top_n': 5, 'cvar_alpha': 0.9316824378031147, 'cov_window': 145, 'turnover_lambda': 0.004593149150500003, 'hybrid_beta': 0.2}. Best is trial 68 with value: 1.9845560825796427.
  0%|          | 0/1 [00:00<?, ?it/s]100%|██████████| 1/1 [00:00<00:00, 39.82it/s]
[I 2026-02-21 21:54:53,662] Trial 82 finished with value: 1.923634915429459 and parameters: {'top_n': 4, 'cvar_alpha': 0.9155041608221234, 'cov_window': 155, 'turnover_lambda': 0.005869685934066319, 'hybrid_beta': 0.0}. Best is trial 68 with value: 1.9845560825796427.
  0%|          | 0/1 [00:00<?, ?it/s]100%|██████████| 1/1 [00:00<00:00, 28.49it/s]
[I 2026-02-21 21:54:54,041] Trial 83 finished with value: 1.4535123753633454 and parameters: {'top_n': 6, 'cvar_alpha': 0.942940875906803, 'cov_window': 135, 'turnover_lambda': 0.012083626307132197, 'hybrid_beta': 0.6}. Best is trial 68 with value: 1.9845560825796427.
  0%|          | 0/1 [00:00<?, ?it/s]100%|██████████| 1/1 [00:00<00:00, 39.67it/s]
[I 2026-02-21 21:54:54,362] Trial 84 finished with value: 1.9564074834468614 and parameters: {'top_n': 4, 'cvar_alpha': 0.93023816494159, 'cov_window': 150, 'turnover_lambda': 0.005715599068625144, 'hybrid_beta': 0.0}. Best is trial 68 with value: 1.9845560825796427.
  0%|          | 0/1 [00:00<?, ?it/s]100%|██████████| 1/1 [00:00<00:00, 40.19it/s]
[I 2026-02-21 21:54:54,676] Trial 85 finished with value: 1.9273579848692224 and parameters: {'top_n': 4, 'cvar_alpha': 0.9269358716702767, 'cov_window': 145, 'turnover_lambda': 0.006351598773794028, 'hybrid_beta': 0.0}. Best is trial 68 with value: 1.9845560825796427.
  0%|          | 0/1 [00:00<?, ?it/s]100%|██████████| 1/1 [00:00<00:00, 37.96it/s]
[I 2026-02-21 21:54:54,997] Trial 86 finished with value: 1.877170900302052 and parameters: {'top_n': 4, 'cvar_alpha': 0.9316135220474505, 'cov_window': 150, 'turnover_lambda': 0.006406123624948975, 'hybrid_beta': 0.0}. Best is trial 68 with value: 1.9845560825796427.
  0%|          | 0/1 [00:00<?, ?it/s]100%|██████████| 1/1 [00:00<00:00, 36.65it/s]
[I 2026-02-21 21:54:55,330] Trial 87 finished with value: 1.798460055486102 and parameters: {'top_n': 4, 'cvar_alpha': 0.915315582359256, 'cov_window': 155, 'turnover_lambda': 0.0068525708463048314, 'hybrid_beta': 0.2}. Best is trial 68 with value: 1.9845560825796427.
  0%|          | 0/1 [00:00<?, ?it/s]100%|██████████| 1/1 [00:00<00:00, 36.38it/s]
[I 2026-02-21 21:54:55,662] Trial 88 finished with value: 1.8997464680733172 and parameters: {'top_n': 4, 'cvar_alpha': 0.9312160942451494, 'cov_window': 180, 'turnover_lambda': 0.005545434199488822, 'hybrid_beta': 0.05}. Best is trial 68 with value: 1.9845560825796427.
  0%|          | 0/1 [00:00<?, ?it/s]100%|██████████| 1/1 [00:00<00:00, 32.15it/s]
[I 2026-02-21 21:54:56,011] Trial 89 finished with value: -6.349896882909709 and parameters: {'top_n': 5, 'cvar_alpha': 0.9320300270241861, 'cov_window': 145, 'turnover_lambda': 0.005076443968799243, 'hybrid_beta': 0.05}. Best is trial 68 with value: 1.9845560825796427.
  0%|          | 0/1 [00:00<?, ?it/s]100%|██████████| 1/1 [00:00<00:00, 40.34it/s]
[I 2026-02-21 21:54:56,329] Trial 90 finished with value: 1.9018780049639503 and parameters: {'top_n': 4, 'cvar_alpha': 0.9174318074769271, 'cov_window': 145, 'turnover_lambda': 0.008393707709632063, 'hybrid_beta': 0.0}. Best is trial 68 with value: 1.9845560825796427.
  0%|          | 0/1 [00:00<?, ?it/s]100%|██████████| 1/1 [00:00<00:00, 43.24it/s]
[I 2026-02-21 21:54:56,614] Trial 91 finished with value: 0.06872534118936979 and parameters: {'top_n': 3, 'cvar_alpha': 0.9185909121536447, 'cov_window': 165, 'turnover_lambda': 0.0061986590133883005, 'hybrid_beta': 0.0}. Best is trial 68 with value: 1.9845560825796427.
  0%|          | 0/1 [00:00<?, ?it/s]100%|██████████| 1/1 [00:00<00:00, 37.33it/s]
[I 2026-02-21 21:54:56,930] Trial 92 finished with value: 1.9104539723390137 and parameters: {'top_n': 4, 'cvar_alpha': 0.9342636097743824, 'cov_window': 130, 'turnover_lambda': 0.006018230480090348, 'hybrid_beta': 0.1}. Best is trial 68 with value: 1.9845560825796427.
  0%|          | 0/1 [00:00<?, ?it/s]100%|██████████| 1/1 [00:00<00:00, 38.97it/s]
[I 2026-02-21 21:54:57,250] Trial 93 finished with value: 2.010588059896244 and parameters: {'top_n': 4, 'cvar_alpha': 0.9260660886912554, 'cov_window': 160, 'turnover_lambda': 0.004548918456979471, 'hybrid_beta': 0.0}. Best is trial 93 with value: 2.010588059896244.
  0%|          | 0/1 [00:00<?, ?it/s]100%|██████████| 1/1 [00:00<00:00, 37.55it/s]
[I 2026-02-21 21:54:57,570] Trial 94 finished with value: 1.8427874482364055 and parameters: {'top_n': 4, 'cvar_alpha': 0.9253251385697973, 'cov_window': 150, 'turnover_lambda': 0.006261571825501373, 'hybrid_beta': 0.15000000000000002}. Best is trial 93 with value: 2.010588059896244.
  0%|          | 0/1 [00:00<?, ?it/s]100%|██████████| 1/1 [00:00<00:00, 42.59it/s]
[I 2026-02-21 21:54:57,850] Trial 95 finished with value: 0.07503390851282665 and parameters: {'top_n': 3, 'cvar_alpha': 0.9271766233492091, 'cov_window': 150, 'turnover_lambda': 0.006207094368731115, 'hybrid_beta': 0.0}. Best is trial 93 with value: 2.010588059896244.
  0%|          | 0/1 [00:00<?, ?it/s]100%|██████████| 1/1 [00:00<00:00, 39.83it/s]
[I 2026-02-21 21:54:58,171] Trial 96 finished with value: 1.8899361907759762 and parameters: {'top_n': 4, 'cvar_alpha': 0.927356824556703, 'cov_window': 170, 'turnover_lambda': 0.0057657231062521975, 'hybrid_beta': 0.0}. Best is trial 93 with value: 2.010588059896244.
  0%|          | 0/1 [00:00<?, ?it/s]100%|██████████| 1/1 [00:00<00:00, 40.44it/s]
[I 2026-02-21 21:54:58,486] Trial 97 finished with value: 1.9768441896034992 and parameters: {'top_n': 4, 'cvar_alpha': 0.9200712540702626, 'cov_window': 145, 'turnover_lambda': 0.006781647599037674, 'hybrid_beta': 0.0}. Best is trial 93 with value: 2.010588059896244.
  0%|          | 0/1 [00:00<?, ?it/s]100%|██████████| 1/1 [00:00<00:00, 39.60it/s]
[I 2026-02-21 21:54:58,804] Trial 98 finished with value: 1.7695270889339687 and parameters: {'top_n': 4, 'cvar_alpha': 0.9371107025048752, 'cov_window': 155, 'turnover_lambda': 0.0034397537498981954, 'hybrid_beta': 0.0}. Best is trial 93 with value: 2.010588059896244.
  0%|          | 0/1 [00:00<?, ?it/s]100%|██████████| 1/1 [00:00<00:00, 27.26it/s]
[I 2026-02-21 21:54:59,199] Trial 99 finished with value: -6.554937513570467 and parameters: {'top_n': 7, 'cvar_alpha': 0.9480592908516946, 'cov_window': 150, 'turnover_lambda': 0.007107384240363172, 'hybrid_beta': 0.25}. Best is trial 93 with value: 2.010588059896244.
  0%|          | 0/1 [00:00<?, ?it/s]100%|██████████| 1/1 [00:00<00:00, 38.95it/s]
[I 2026-02-21 21:54:59,517] Trial 100 finished with value: 1.8692605068398795 and parameters: {'top_n': 4, 'cvar_alpha': 0.918919659923585, 'cov_window': 155, 'turnover_lambda': 0.005389673692589385, 'hybrid_beta': 0.0}. Best is trial 93 with value: 2.010588059896244.
  0%|          | 0/1 [00:00<?, ?it/s]100%|██████████| 1/1 [00:00<00:00, 36.85it/s]
[I 2026-02-21 21:54:59,836] Trial 101 finished with value: 0.2607474116643771 and parameters: {'top_n': 4, 'cvar_alpha': 0.9007144130331195, 'cov_window': 140, 'turnover_lambda': 0.00899908211695185, 'hybrid_beta': 0.1}. Best is trial 93 with value: 2.010588059896244.
  0%|          | 0/1 [00:00<?, ?it/s]100%|██████████| 1/1 [00:00<00:00, 42.50it/s]
[I 2026-02-21 21:55:00,119] Trial 102 finished with value: 0.08422129754910923 and parameters: {'top_n': 3, 'cvar_alpha': 0.9068243717482881, 'cov_window': 155, 'turnover_lambda': 0.018202384312273053, 'hybrid_beta': 0.5}. Best is trial 93 with value: 2.010588059896244.
  0%|          | 0/1 [00:00<?, ?it/s]100%|██████████| 1/1 [00:00<00:00, 39.71it/s]
[I 2026-02-21 21:55:00,437] Trial 103 finished with value: 2.013806105871583 and parameters: {'top_n': 4, 'cvar_alpha': 0.9239937198030355, 'cov_window': 160, 'turnover_lambda': 0.006008072438237682, 'hybrid_beta': 0.0}. Best is trial 103 with value: 2.013806105871583.
  0%|          | 0/1 [00:00<?, ?it/s]100%|██████████| 1/1 [00:00<00:00, 38.49it/s]
[I 2026-02-21 21:55:00,774] Trial 104 finished with value: -10.155991245118994 and parameters: {'top_n': 5, 'cvar_alpha': 0.9158762511551424, 'cov_window': 160, 'turnover_lambda': 0.006372445089662111, 'hybrid_beta': 0.0}. Best is trial 103 with value: 2.013806105871583.
  0%|          | 0/1 [00:00<?, ?it/s]100%|██████████| 1/1 [00:00<00:00, 40.81it/s]
[I 2026-02-21 21:55:01,038] Trial 105 finished with value: 0.10018718886210243 and parameters: {'top_n': 3, 'cvar_alpha': 0.9412783785181856, 'cov_window': 85, 'turnover_lambda': 0.009738190514528693, 'hybrid_beta': 0.0}. Best is trial 103 with value: 2.013806105871583.
  0%|          | 0/1 [00:00<?, ?it/s]100%|██████████| 1/1 [00:00<00:00, 38.43it/s]
[I 2026-02-21 21:55:01,373] Trial 106 finished with value: 1.9844960773171343 and parameters: {'top_n': 4, 'cvar_alpha': 0.9231937409001068, 'cov_window': 140, 'turnover_lambda': 0.004219220865638562, 'hybrid_beta': 0.0}. Best is trial 103 with value: 2.013806105871583.
  0%|          | 0/1 [00:00<?, ?it/s]100%|██████████| 1/1 [00:00<00:00, 36.54it/s]
[I 2026-02-21 21:55:01,697] Trial 107 finished with value: 1.8664596761599017 and parameters: {'top_n': 4, 'cvar_alpha': 0.9231307735834876, 'cov_window': 155, 'turnover_lambda': 0.004496614114666973, 'hybrid_beta': 0.05}. Best is trial 103 with value: 2.013806105871583.
  0%|          | 0/1 [00:00<?, ?it/s]100%|██████████| 1/1 [00:00<00:00, 37.00it/s]
[I 2026-02-21 21:55:02,018] Trial 108 finished with value: -3.2845945084140875 and parameters: {'top_n': 4, 'cvar_alpha': 0.9203559455569116, 'cov_window': 140, 'turnover_lambda': 0.008601794514933406, 'hybrid_beta': 0.05}. Best is trial 103 with value: 2.013806105871583.
  0%|          | 0/1 [00:00<?, ?it/s]100%|██████████| 1/1 [00:00<00:00, 39.48it/s]
[I 2026-02-21 21:55:02,328] Trial 109 finished with value: 1.9799780803385534 and parameters: {'top_n': 4, 'cvar_alpha': 0.9314320018582138, 'cov_window': 115, 'turnover_lambda': 0.005342050828067311, 'hybrid_beta': 0.0}. Best is trial 103 with value: 2.013806105871583.
  0%|          | 0/1 [00:00<?, ?it/s]100%|██████████| 1/1 [00:00<00:00, 39.93it/s]
[I 2026-02-21 21:55:02,634] Trial 110 finished with value: 1.9409588479606688 and parameters: {'top_n': 4, 'cvar_alpha': 0.9288673011100844, 'cov_window': 115, 'turnover_lambda': 0.004602042112895979, 'hybrid_beta': 0.0}. Best is trial 103 with value: 2.013806105871583.
  0%|          | 0/1 [00:00<?, ?it/s]100%|██████████| 1/1 [00:00<00:00, 32.33it/s]
[I 2026-02-21 21:55:02,966] Trial 111 finished with value: -10.148365037802865 and parameters: {'top_n': 5, 'cvar_alpha': 0.9417719922749641, 'cov_window': 105, 'turnover_lambda': 0.004015968553815739, 'hybrid_beta': 0.05}. Best is trial 103 with value: 2.013806105871583.
  0%|          | 0/1 [00:00<?, ?it/s]100%|██████████| 1/1 [00:00<00:00, 39.91it/s]
[I 2026-02-21 21:55:03,245] Trial 112 finished with value: 0.07191369366846834 and parameters: {'top_n': 3, 'cvar_alpha': 0.9011415240210343, 'cov_window': 105, 'turnover_lambda': 0.0020693958875336567, 'hybrid_beta': 0.55}. Best is trial 103 with value: 2.013806105871583.
  0%|          | 0/1 [00:00<?, ?it/s]100%|██████████| 1/1 [00:00<00:00, 38.87it/s]
[I 2026-02-21 21:55:03,570] Trial 113 finished with value: 0.2301352485924053 and parameters: {'top_n': 4, 'cvar_alpha': 0.9347033629815699, 'cov_window': 115, 'turnover_lambda': 0.003376296167968316, 'hybrid_beta': 0.0}. Best is trial 103 with value: 2.013806105871583.
  0%|          | 0/1 [00:00<?, ?it/s]100%|██████████| 1/1 [00:00<00:00, 39.75it/s]
[I 2026-02-21 21:55:03,877] Trial 114 finished with value: 1.9574332151074 and parameters: {'top_n': 4, 'cvar_alpha': 0.9289787421736342, 'cov_window': 110, 'turnover_lambda': 0.005284856052568098, 'hybrid_beta': 0.0}. Best is trial 103 with value: 2.013806105871583.
  0%|          | 0/1 [00:00<?, ?it/s]100%|██████████| 1/1 [00:00<00:00, 35.71it/s]
[I 2026-02-21 21:55:04,278] Trial 115 finished with value: 0.31596086072246754 and parameters: {'top_n': 4, 'cvar_alpha': 0.9229993140665586, 'cov_window': 105, 'turnover_lambda': 0.004291182196423235, 'hybrid_beta': 0.0}. Best is trial 103 with value: 2.013806105871583.
  0%|          | 0/1 [00:00<?, ?it/s]100%|██████████| 1/1 [00:00<00:00, 32.42it/s]
