/Users/mac/miniforge3/envs/financial_inno_comp/lib/python3.10/site-packages/optuna/_experimental.py:33: ExperimentalWarning: Argument ``multivariate`` is an experimental feature. The interface can change in the future.
  optuna_warn(
[I 2026-02-21 21:54:24,786] A new study created in memory with name: no-name-fa08b875-f9a7-4e80-b348-be84728ea06e
输出目录: /Users/mac/Desktop/USTC_Financial_Data_Inno_Comp/outputs/cvar_hybrid_bayes_split_20260221_215421
============================================================
Step 0: 数据加载
加载量价数据...
  量价: 2019-11-01 ~ 2025-10-30, 28 只 ETF, 40651 行
加载宏观数据...
  宏观: 1454 行, 18 个指标
构建对齐宽表...
构建收盘价矩阵...
  矩阵: 1454 天 × 28 只 ETF
============================================================
Step 1: 因子计算与合成（fresh）
正在计算全部因子...
  截面因子: 32 个, 日期范围 2019-11-01 00:00:00 ~ 2025-10-30 00:00:00
  宏观因子: ['F01', 'F02', 'F03', 'F04', 'F05', 'F06']
合成因子使用 13 个因子: ['A01', 'A02', 'A05', 'A06', 'B01', 'B03', 'B05', 'B06', 'C03', 'D01', 'D02', 'D04', 'T01']
合成方法: icir, 滚动窗口: 60
因子方向: {'A01': '+', 'A02': '+', 'A05': '+', 'A06': '+', 'B01': '-', 'B03': '+', 'B05': '+', 'B06': '-', 'C03': '-', 'D01': '+', 'D02': '+', 'D04': '-', 'T01': '-'}
合成因子: 1416 天 × 28 只 ETF
有效日期: 2019-12-25 00:00:00 ~ 2025-10-30 00:00:00
合成因子已保存: /Users/mac/Desktop/USTC_Financial_Data_Inno_Comp/outputs/cvar_hybrid_bayes_split_20260221_215421/合成因子序列.csv (38951 行)
============================================================
Step 2: 固定切分完成 train[2019-11-01~2020-12-31], test[2021-01-04~2025-10-30], train_days=286
============================================================
Step 3: 启动贝叶斯调参（optimizer=hybrid_cvar_rp, fixed_max_weight=0.35, top_n_range=[3,7], n_trials=160）
  0%|          | 0/1 [00:00<?, ?it/s]100%|██████████| 1/1 [00:00<00:00, 29.67it/s]
  0%|          | 0/1 [00:00<?, ?it/s]100%|██████████| 1/1 [00:00<00:00, 41.49it/s]
[I 2026-02-21 21:54:25,168] Trial 0 finished with value: 0.08072457042317005 and parameters: {'top_n': 3, 'cvar_alpha': 0.9365439923567689, 'cov_window': 90, 'turnover_lambda': 0.003836942975027202, 'hybrid_beta': 0.2}. Best is trial 0 with value: 0.08072457042317005.
  0%|          | 0/1 [00:00<?, ?it/s]100%|██████████| 1/1 [00:00<00:00, 27.06it/s]
  0%|          | 0/1 [00:00<?, ?it/s]100%|██████████| 1/1 [00:00<00:00, 22.70it/s]
[I 2026-02-21 21:54:25,810] Trial 1 finished with value: -8.717506391753087 and parameters: {'top_n': 7, 'cvar_alpha': 0.9399654127858815, 'cov_window': 135, 'turnover_lambda': 0.0021634800806266414, 'hybrid_beta': 0.45}. Best is trial 0 with value: 0.08072457042317005.
  0%|          | 0/1 [00:00<?, ?it/s]100%|██████████| 1/1 [00:00<00:00, 30.62it/s]
  0%|          | 0/1 [00:00<?, ?it/s]100%|██████████| 1/1 [00:00<00:00, 36.27it/s]
[I 2026-02-21 21:54:26,303] Trial 2 finished with value: -7.549625218017688 and parameters: {'top_n': 4, 'cvar_alpha': 0.94812282711772, 'cov_window': 105, 'turnover_lambda': 0.0023330920425348625, 'hybrid_beta': 0.55}. Best is trial 0 with value: 0.08072457042317005.
  0%|          | 0/1 [00:00<?, ?it/s]100%|██████████| 1/1 [00:00<00:00, 35.58it/s]
[I 2026-02-21 21:54:26,626] Trial 3 finished with value: -0.3208085420397768 and parameters: {'top_n': 4, 'cvar_alpha': 0.9242993668828355, 'cov_window': 110, 'turnover_lambda': 0.002461457417615221, 'hybrid_beta': 0.5}. Best is trial 0 with value: 0.08072457042317005.
  0%|          | 0/1 [00:00<?, ?it/s]100%|██████████| 1/1 [00:00<00:00, 27.46it/s]
[I 2026-02-21 21:54:27,015] Trial 4 finished with value: -10.97855832437739 and parameters: {'top_n': 7, 'cvar_alpha': 0.9582879054861232, 'cov_window': 120, 'turnover_lambda': 0.02652132004974052, 'hybrid_beta': 0.25}. Best is trial 0 with value: 0.08072457042317005.
  0%|          | 0/1 [00:00<?, ?it/s]100%|██████████| 1/1 [00:00<00:00, 30.55it/s]
  0%|          | 0/1 [00:00<?, ?it/s]100%|██████████| 1/1 [00:00<00:00, 30.36it/s]
[I 2026-02-21 21:54:27,554] Trial 5 finished with value: -12.242925774766015 and parameters: {'top_n': 6, 'cvar_alpha': 0.9049500029818294, 'cov_window': 170, 'turnover_lambda': 0.004482386567434429, 'hybrid_beta': 0.15000000000000002}. Best is trial 0 with value: 0.08072457042317005.
  0%|          | 0/1 [00:00<?, ?it/s]100%|██████████| 1/1 [00:00<00:00, 43.29it/s]
[I 2026-02-21 21:54:27,822] Trial 6 finished with value: 0.09260204949610662 and parameters: {'top_n': 3, 'cvar_alpha': 0.9325921509168243, 'cov_window': 125, 'turnover_lambda': 0.011206332788857383, 'hybrid_beta': 0.6}. Best is trial 6 with value: 0.09260204949610662.
  0%|          | 0/1 [00:00<?, ?it/s]100%|██████████| 1/1 [00:00<00:00, 27.86it/s]
[I 2026-02-21 21:54:28,209] Trial 7 finished with value: -11.397679745781167 and parameters: {'top_n': 7, 'cvar_alpha': 0.9546091845468093, 'cov_window': 135, 'turnover_lambda': 0.0026507317093812993, 'hybrid_beta': 0.1}. Best is trial 6 with value: 0.09260204949610662.
  0%|          | 0/1 [00:00<?, ?it/s]100%|██████████| 1/1 [00:00<00:00, 27.89it/s]
[I 2026-02-21 21:54:28,604] Trial 8 finished with value: -7.815636334081221 and parameters: {'top_n': 7, 'cvar_alpha': 0.9247171790031815, 'cov_window': 170, 'turnover_lambda': 0.012347294835509896, 'hybrid_beta': 0.4}. Best is trial 6 with value: 0.09260204949610662.
  0%|          | 0/1 [00:00<?, ?it/s]100%|██████████| 1/1 [00:00<00:00, 37.52it/s]
[I 2026-02-21 21:54:28,904] Trial 9 finished with value: -1.854381271542186 and parameters: {'top_n': 4, 'cvar_alpha': 0.9538048361844518, 'cov_window': 100, 'turnover_lambda': 0.005979260394099585, 'hybrid_beta': 0.6}. Best is trial 6 with value: 0.09260204949610662.
  0%|          | 0/1 [00:00<?, ?it/s]100%|██████████| 1/1 [00:00<00:00, 30.61it/s]
[I 2026-02-21 21:54:29,262] Trial 10 finished with value: -0.5916959057143654 and parameters: {'top_n': 6, 'cvar_alpha': 0.9267036847493809, 'cov_window': 135, 'turnover_lambda': 0.006091215738702276, 'hybrid_beta': 0.45}. Best is trial 6 with value: 0.09260204949610662.
  0%|          | 0/1 [00:00<?, ?it/s]100%|██████████| 1/1 [00:00<00:00, 37.64it/s]
[I 2026-02-21 21:54:29,572] Trial 11 finished with value: 0.2102277083783286 and parameters: {'top_n': 4, 'cvar_alpha': 0.9402087098821429, 'cov_window': 150, 'turnover_lambda': 0.010421447190300288, 'hybrid_beta': 0.35000000000000003}. Best is trial 11 with value: 0.2102277083783286.
  0%|          | 0/1 [00:00<?, ?it/s]100%|██████████| 1/1 [00:00<00:00, 37.16it/s]
[I 2026-02-21 21:54:29,893] Trial 12 finished with value: 1.7768023450033656 and parameters: {'top_n': 4, 'cvar_alpha': 0.9119496885973621, 'cov_window': 160, 'turnover_lambda': 0.004390235708507322, 'hybrid_beta': 0.4}. Best is trial 12 with value: 1.7768023450033656.
  0%|          | 0/1 [00:00<?, ?it/s]100%|██████████| 1/1 [00:00<00:00, 37.15it/s]
[I 2026-02-21 21:54:30,201] Trial 13 finished with value: 1.8139073679006417 and parameters: {'top_n': 4, 'cvar_alpha': 0.9086687027053697, 'cov_window': 120, 'turnover_lambda': 0.0046337785423406965, 'hybrid_beta': 0.15000000000000002}. Best is trial 13 with value: 1.8139073679006417.
  0%|          | 0/1 [00:00<?, ?it/s]100%|██████████| 1/1 [00:00<00:00, 33.28it/s]
  0%|          | 0/1 [00:00<?, ?it/s]100%|██████████| 1/1 [00:00<00:00, 33.30it/s]
[I 2026-02-21 21:54:30,704] Trial 14 finished with value: -2.040143080555863 and parameters: {'top_n': 5, 'cvar_alpha': 0.9147205951778016, 'cov_window': 155, 'turnover_lambda': 0.014060092356536578, 'hybrid_beta': 0.45}. Best is trial 13 with value: 1.8139073679006417.
  0%|          | 0/1 [00:00<?, ?it/s]100%|██████████| 1/1 [00:00<00:00, 42.73it/s]
[I 2026-02-21 21:54:30,975] Trial 15 finished with value: 0.0717956603734815 and parameters: {'top_n': 3, 'cvar_alpha': 0.9566185456910574, 'cov_window': 130, 'turnover_lambda': 0.022862739890549117, 'hybrid_beta': 0.1}. Best is trial 13 with value: 1.8139073679006417.
  0%|          | 0/1 [00:00<?, ?it/s]100%|██████████| 1/1 [00:00<00:00, 33.07it/s]
[I 2026-02-21 21:54:31,320] Trial 16 finished with value: -7.065178206266694 and parameters: {'top_n': 5, 'cvar_alpha': 0.9579245149006358, 'cov_window': 180, 'turnover_lambda': 0.0021352783871732076, 'hybrid_beta': 0.30000000000000004}. Best is trial 13 with value: 1.8139073679006417.
  0%|          | 0/1 [00:00<?, ?it/s]100%|██████████| 1/1 [00:00<00:00, 37.16it/s]
[I 2026-02-21 21:54:31,633] Trial 17 finished with value: 0.23344093975058766 and parameters: {'top_n': 4, 'cvar_alpha': 0.9038232340990389, 'cov_window': 135, 'turnover_lambda': 0.0020277219498083376, 'hybrid_beta': 0.35000000000000003}. Best is trial 13 with value: 1.8139073679006417.
  0%|          | 0/1 [00:00<?, ?it/s]100%|██████████| 1/1 [00:00<00:00, 27.53it/s]
[I 2026-02-21 21:54:32,027] Trial 18 finished with value: -6.275464190824825 and parameters: {'top_n': 7, 'cvar_alpha': 0.9530160878984333, 'cov_window': 180, 'turnover_lambda': 0.014831236731451428, 'hybrid_beta': 0.1}. Best is trial 13 with value: 1.8139073679006417.
  0%|          | 0/1 [00:00<?, ?it/s]100%|██████████| 1/1 [00:00<00:00, 31.03it/s]
[I 2026-02-21 21:54:32,508] Trial 19 finished with value: -5.993036141225838 and parameters: {'top_n': 5, 'cvar_alpha': 0.9531539697328724, 'cov_window': 105, 'turnover_lambda': 0.006643641372677632, 'hybrid_beta': 0.4}. Best is trial 13 with value: 1.8139073679006417.
  0%|          | 0/1 [00:00<?, ?it/s]100%|██████████| 1/1 [00:00<00:00, 41.83it/s]
[I 2026-02-21 21:54:32,792] Trial 20 finished with value: 0.08838997373569457 and parameters: {'top_n': 3, 'cvar_alpha': 0.9294065796641438, 'cov_window': 80, 'turnover_lambda': 0.004650850059988862, 'hybrid_beta': 0.45}. Best is trial 13 with value: 1.8139073679006417.
  0%|          | 0/1 [00:00<?, ?it/s]100%|██████████| 1/1 [00:00<00:00, 29.76it/s]
[I 2026-02-21 21:54:33,212] Trial 21 finished with value: -6.423490507729987 and parameters: {'top_n': 6, 'cvar_alpha': 0.956493254625499, 'cov_window': 160, 'turnover_lambda': 0.003582270451981044, 'hybrid_beta': 0.55}. Best is trial 13 with value: 1.8139073679006417.
  0%|          | 0/1 [00:00<?, ?it/s]100%|██████████| 1/1 [00:00<00:00, 32.76it/s]
[I 2026-02-21 21:54:33,558] Trial 22 finished with value: -5.755843379540237 and parameters: {'top_n': 5, 'cvar_alpha': 0.9506938732546113, 'cov_window': 175, 'turnover_lambda': 0.01887835332007076, 'hybrid_beta': 0.25}. Best is trial 13 with value: 1.8139073679006417.
  0%|          | 0/1 [00:00<?, ?it/s]100%|██████████| 1/1 [00:00<00:00, 31.48it/s]
[I 2026-02-21 21:54:33,899] Trial 23 finished with value: -6.582887145741908 and parameters: {'top_n': 5, 'cvar_alpha': 0.925961884773816, 'cov_window': 150, 'turnover_lambda': 0.007431312755280828, 'hybrid_beta': 0.05}. Best is trial 13 with value: 1.8139073679006417.
  0%|          | 0/1 [00:00<?, ?it/s]100%|██████████| 1/1 [00:00<00:00, 33.63it/s]
[I 2026-02-21 21:54:34,287] Trial 24 finished with value: -10.468191924599953 and parameters: {'top_n': 6, 'cvar_alpha': 0.9122823729702393, 'cov_window': 155, 'turnover_lambda': 0.0026622293614792752, 'hybrid_beta': 0.0}. Best is trial 13 with value: 1.8139073679006417.
  0%|          | 0/1 [00:00<?, ?it/s]100%|██████████| 1/1 [00:00<00:00, 37.00it/s]
[I 2026-02-21 21:54:34,618] Trial 25 finished with value: -7.49463906699247 and parameters: {'top_n': 4, 'cvar_alpha': 0.9581553302298633, 'cov_window': 150, 'turnover_lambda': 0.006131432295539535, 'hybrid_beta': 0.05}. Best is trial 13 with value: 1.8139073679006417.
  0%|          | 0/1 [00:00<?, ?it/s]100%|██████████| 1/1 [00:00<00:00, 41.83it/s]
[I 2026-02-21 21:54:34,906] Trial 26 finished with value: 0.06410986100136329 and parameters: {'top_n': 3, 'cvar_alpha': 0.9435727004256464, 'cov_window': 175, 'turnover_lambda': 0.002088708998054876, 'hybrid_beta': 0.35000000000000003}. Best is trial 13 with value: 1.8139073679006417.
  0%|          | 0/1 [00:00<?, ?it/s]100%|██████████| 1/1 [00:00<00:00, 29.55it/s]
[I 2026-02-21 21:54:35,287] Trial 27 finished with value: 1.4796482074228672 and parameters: {'top_n': 6, 'cvar_alpha': 0.9175318526565605, 'cov_window': 130, 'turnover_lambda': 0.018170638006804383, 'hybrid_beta': 0.35000000000000003}. Best is trial 13 with value: 1.8139073679006417.
  0%|          | 0/1 [00:00<?, ?it/s]100%|██████████| 1/1 [00:00<00:00, 36.89it/s]
[I 2026-02-21 21:54:35,604] Trial 28 finished with value: 1.9179662977556604 and parameters: {'top_n': 4, 'cvar_alpha': 0.9046534683296983, 'cov_window': 130, 'turnover_lambda': 0.007106712657025364, 'hybrid_beta': 0.1}. Best is trial 28 with value: 1.9179662977556604.
  0%|          | 0/1 [00:00<?, ?it/s]100%|██████████| 1/1 [00:00<00:00, 42.88it/s]
[I 2026-02-21 21:54:35,871] Trial 29 finished with value: 0.08767936642025864 and parameters: {'top_n': 3, 'cvar_alpha': 0.9305040559287844, 'cov_window': 110, 'turnover_lambda': 0.00357518901503357, 'hybrid_beta': 0.05}. Best is trial 28 with value: 1.9179662977556604.
  0%|          | 0/1 [00:00<?, ?it/s]100%|██████████| 1/1 [00:00<00:00, 42.02it/s]
[I 2026-02-21 21:54:36,152] Trial 30 finished with value: 0.07866009810442165 and parameters: {'top_n': 3, 'cvar_alpha': 0.9054003615309268, 'cov_window': 150, 'turnover_lambda': 0.009607819839124404, 'hybrid_beta': 0.15000000000000002}. Best is trial 28 with value: 1.9179662977556604.
  0%|          | 0/1 [00:00<?, ?it/s]100%|██████████| 1/1 [00:00<00:00, 42.27it/s]
[I 2026-02-21 21:54:36,442] Trial 31 finished with value: 0.08690140822491044 and parameters: {'top_n': 3, 'cvar_alpha': 0.9097297948926825, 'cov_window': 180, 'turnover_lambda': 0.004800786652908422, 'hybrid_beta': 0.45}. Best is trial 28 with value: 1.9179662977556604.
  0%|          | 0/1 [00:00<?, ?it/s]100%|██████████| 1/1 [00:00<00:00, 27.33it/s]
[I 2026-02-21 21:54:36,833] Trial 32 finished with value: -10.834880529233683 and parameters: {'top_n': 7, 'cvar_alpha': 0.9129734250071057, 'cov_window': 135, 'turnover_lambda': 0.029268048271610288, 'hybrid_beta': 0.30000000000000004}. Best is trial 28 with value: 1.9179662977556604.
  0%|          | 0/1 [00:00<?, ?it/s]100%|██████████| 1/1 [00:00<00:00, 31.43it/s]
[I 2026-02-21 21:54:37,167] Trial 33 finished with value: -2.051716618127233 and parameters: {'top_n': 5, 'cvar_alpha': 0.9175164003361768, 'cov_window': 110, 'turnover_lambda': 0.018031841889715166, 'hybrid_beta': 0.30000000000000004}. Best is trial 28 with value: 1.9179662977556604.
  0%|          | 0/1 [00:00<?, ?it/s]100%|██████████| 1/1 [00:00<00:00, 36.28it/s]
[I 2026-02-21 21:54:37,492] Trial 34 finished with value: 1.8653575883279558 and parameters: {'top_n': 4, 'cvar_alpha': 0.9061988631942893, 'cov_window': 110, 'turnover_lambda': 0.005733113333661296, 'hybrid_beta': 0.1}. Best is trial 28 with value: 1.9179662977556604.
  0%|          | 0/1 [00:00<?, ?it/s]100%|██████████| 1/1 [00:00<00:00, 41.84it/s]
[I 2026-02-21 21:54:37,763] Trial 35 finished with value: 0.06705951670014709 and parameters: {'top_n': 3, 'cvar_alpha': 0.9003180469950625, 'cov_window': 100, 'turnover_lambda': 0.005704389477941204, 'hybrid_beta': 0.1}. Best is trial 28 with value: 1.9179662977556604.
  0%|          | 0/1 [00:00<?, ?it/s]100%|██████████| 1/1 [00:00<00:00, 32.55it/s]
[I 2026-02-21 21:54:38,100] Trial 36 finished with value: -8.529132455275617 and parameters: {'top_n': 5, 'cvar_alpha': 0.9116793291700311, 'cov_window': 105, 'turnover_lambda': 0.00728250352684804, 'hybrid_beta': 0.05}. Best is trial 28 with value: 1.9179662977556604.
  0%|          | 0/1 [00:00<?, ?it/s]100%|██████████| 1/1 [00:00<00:00, 37.29it/s]
[I 2026-02-21 21:54:38,417] Trial 37 finished with value: 1.848348552259215 and parameters: {'top_n': 4, 'cvar_alpha': 0.908693452993421, 'cov_window': 135, 'turnover_lambda': 0.003009456134812295, 'hybrid_beta': 0.1}. Best is trial 28 with value: 1.9179662977556604.
  0%|          | 0/1 [00:00<?, ?it/s]100%|██████████| 1/1 [00:00<00:00, 36.67it/s]
[I 2026-02-21 21:54:38,733] Trial 38 finished with value: 1.8191861071392834 and parameters: {'top_n': 4, 'cvar_alpha': 0.909196633411748, 'cov_window': 130, 'turnover_lambda': 0.0034883310723028576, 'hybrid_beta': 0.2}. Best is trial 28 with value: 1.9179662977556604.
  0%|          | 0/1 [00:00<?, ?it/s]100%|██████████| 1/1 [00:00<00:00, 43.28it/s]
[I 2026-02-21 21:54:39,017] Trial 39 finished with value: 0.06755325965294912 and parameters: {'top_n': 3, 'cvar_alpha': 0.9175579140082173, 'cov_window': 160, 'turnover_lambda': 0.002725241458157174, 'hybrid_beta': 0.15000000000000002}. Best is trial 28 with value: 1.9179662977556604.
  0%|          | 0/1 [00:00<?, ?it/s]100%|██████████| 1/1 [00:00<00:00, 39.30it/s]
[I 2026-02-21 21:54:39,336] Trial 40 finished with value: 1.9179144616720702 and parameters: {'top_n': 4, 'cvar_alpha': 0.914243900149307, 'cov_window': 135, 'turnover_lambda': 0.003778856223919029, 'hybrid_beta': 0.0}. Best is trial 28 with value: 1.9179662977556604.
  0%|          | 0/1 [00:00<?, ?it/s]100%|██████████| 1/1 [00:00<00:00, 39.69it/s]
[I 2026-02-21 21:54:39,653] Trial 41 finished with value: 1.8894533115110126 and parameters: {'top_n': 4, 'cvar_alpha': 0.9006270102477475, 'cov_window': 125, 'turnover_lambda': 0.003392219327636219, 'hybrid_beta': 0.0}. Best is trial 28 with value: 1.9179662977556604.
  0%|          | 0/1 [00:00<?, ?it/s]100%|██████████| 1/1 [00:00<00:00, 42.58it/s]
[I 2026-02-21 21:54:39,932] Trial 42 finished with value: 0.0808000540985283 and parameters: {'top_n': 3, 'cvar_alpha': 0.9025360402487513, 'cov_window': 135, 'turnover_lambda': 0.0024653603758984003, 'hybrid_beta': 0.0}. Best is trial 28 with value: 1.9179662977556604.
  0%|          | 0/1 [00:00<?, ?it/s]100%|██████████| 1/1 [00:00<00:00, 32.80it/s]
[I 2026-02-21 21:54:40,274] Trial 43 finished with value: -8.483109084061232 and parameters: {'top_n': 5, 'cvar_alpha': 0.9019267481852548, 'cov_window': 145, 'turnover_lambda': 0.006531279098852623, 'hybrid_beta': 0.05}. Best is trial 28 with value: 1.9179662977556604.
  0%|          | 0/1 [00:00<?, ?it/s]100%|██████████| 1/1 [00:00<00:00, 31.93it/s]
[I 2026-02-21 21:54:40,614] Trial 44 finished with value: -9.437653350159497 and parameters: {'top_n': 5, 'cvar_alpha': 0.9101108824355228, 'cov_window': 130, 'turnover_lambda': 0.0024237614068921666, 'hybrid_beta': 0.1}. Best is trial 28 with value: 1.9179662977556604.
  0%|          | 0/1 [00:00<?, ?it/s]100%|██████████| 1/1 [00:00<00:00, 36.98it/s]
[I 2026-02-21 21:54:40,933] Trial 45 finished with value: 1.8879476278305634 and parameters: {'top_n': 4, 'cvar_alpha': 0.9175034851774002, 'cov_window': 140, 'turnover_lambda': 0.0030606299634587837, 'hybrid_beta': 0.05}. Best is trial 28 with value: 1.9179662977556604.
  0%|          | 0/1 [00:00<?, ?it/s]100%|██████████| 1/1 [00:00<00:00, 33.01it/s]
[I 2026-02-21 21:54:41,266] Trial 46 finished with value: -7.242784405727415 and parameters: {'top_n': 5, 'cvar_alpha': 0.9015603777925072, 'cov_window': 85, 'turnover_lambda': 0.002731749736444094, 'hybrid_beta': 0.1}. Best is trial 28 with value: 1.9179662977556604.
  0%|          | 0/1 [00:00<?, ?it/s]100%|██████████| 1/1 [00:00<00:00, 38.96it/s]
[I 2026-02-21 21:54:41,592] Trial 47 finished with value: -7.130141114752238 and parameters: {'top_n': 5, 'cvar_alpha': 0.9195023487656688, 'cov_window': 110, 'turnover_lambda': 0.0031015211794579735, 'hybrid_beta': 0.0}. Best is trial 28 with value: 1.9179662977556604.
  0%|          | 0/1 [00:00<?, ?it/s]100%|██████████| 1/1 [00:00<00:00, 37.16it/s]
[I 2026-02-21 21:54:41,907] Trial 48 finished with value: 1.8846744306777083 and parameters: {'top_n': 4, 'cvar_alpha': 0.9021953795299511, 'cov_window': 130, 'turnover_lambda': 0.004225190790195327, 'hybrid_beta': 0.05}. Best is trial 28 with value: 1.9179662977556604.
  0%|          | 0/1 [00:00<?, ?it/s]100%|██████████| 1/1 [00:00<00:00, 36.75it/s]
[I 2026-02-21 21:54:42,227] Trial 49 finished with value: 1.833104808541457 and parameters: {'top_n': 4, 'cvar_alpha': 0.9165452023286695, 'cov_window': 145, 'turnover_lambda': 0.0034173048508134222, 'hybrid_beta': 0.05}. Best is trial 28 with value: 1.9179662977556604.
  0%|          | 0/1 [00:00<?, ?it/s]100%|██████████| 1/1 [00:00<00:00, 39.49it/s]
[I 2026-02-21 21:54:42,540] Trial 50 finished with value: 1.9283007115047837 and parameters: {'top_n': 4, 'cvar_alpha': 0.9071156476269931, 'cov_window': 120, 'turnover_lambda': 0.005987222957438868, 'hybrid_beta': 0.0}. Best is trial 50 with value: 1.9283007115047837.
  0%|          | 0/1 [00:00<?, ?it/s]100%|██████████| 1/1 [00:00<00:00, 42.93it/s]
[I 2026-02-21 21:54:42,817] Trial 51 finished with value: 0.08874094221489726 and parameters: {'top_n': 3, 'cvar_alpha': 0.9174262531538244, 'cov_window': 120, 'turnover_lambda': 0.005074018431030333, 'hybrid_beta': 0.05}. Best is trial 50 with value: 1.9283007115047837.
  0%|          | 0/1 [00:00<?, ?it/s]100%|██████████| 1/1 [00:00<00:00, 36.30it/s]
[I 2026-02-21 21:54:43,139] Trial 52 finished with value: 0.37807524605980425 and parameters: {'top_n': 4, 'cvar_alpha': 0.9060025054111934, 'cov_window': 135, 'turnover_lambda': 0.004841411791270167, 'hybrid_beta': 0.05}. Best is trial 50 with value: 1.9283007115047837.
  0%|          | 0/1 [00:00<?, ?it/s]100%|██████████| 1/1 [00:00<00:00, 43.07it/s]
[I 2026-02-21 21:54:43,411] Trial 53 finished with value: 0.07434982201029872 and parameters: {'top_n': 3, 'cvar_alpha': 0.9184187120424556, 'cov_window': 125, 'turnover_lambda': 0.01091401163750142, 'hybrid_beta': 0.0}. Best is trial 50 with value: 1.9283007115047837.
  0%|          | 0/1 [00:00<?, ?it/s]100%|██████████| 1/1 [00:00<00:00, 36.59it/s]
[I 2026-02-21 21:54:43,735] Trial 54 finished with value: 1.851933130262104 and parameters: {'top_n': 4, 'cvar_alpha': 0.9006367498051925, 'cov_window': 115, 'turnover_lambda': 0.003371174963934171, 'hybrid_beta': 0.05}. Best is trial 50 with value: 1.9283007115047837.
  0%|          | 0/1 [00:00<?, ?it/s]100%|██████████| 1/1 [00:00<00:00, 40.24it/s]
